Requirement already satisfied: ydata-profiling in /opt/anaconda3/lib/python3.12/site-packages (4.18.0)
Requirement already satisfied: scipy<1.17,>=1.8 in /opt/anaconda3/lib/python3.12/site-packages (from ydata-profiling) (1.13.1)
Requirement already satisfied: pandas!=1.4.0,<3.0,>1.5 in /opt/anaconda3/lib/python3.12/site-packages (from ydata-profiling) (2.2.2)
Requirement already satisfied: matplotlib<=3.10,>=3.5 in /opt/anaconda3/lib/python3.12/site-packages (from ydata-profiling) (3.9.2)
Requirement already satisfied: pydantic<3,>=2 in /opt/anaconda3/lib/python3.12/site-packages (from ydata-profiling) (2.11.7)
Requirement already satisfied: PyYAML<6.1,>=6.0.3 in /opt/anaconda3/lib/python3.12/site-packages (from ydata-profiling) (6.0.3)
Requirement already satisfied: jinja2<3.2,>=3.1.6 in /opt/anaconda3/lib/python3.12/site-packages (from ydata-profiling) (3.1.6)
Collecting visions<0.8.2,>=0.7.5 (from visions[type_image_path]<0.8.2,>=0.7.5->ydata-profiling)
  Using cached visions-0.8.1-py3-none-any.whl.metadata (11 kB)
Requirement already satisfied: numpy<2.4,>=1.22 in /opt/anaconda3/lib/python3.12/site-packages (from ydata-profiling) (1.26.4)
Requirement already satisfied: minify-html>=0.15.0 in /opt/anaconda3/lib/python3.12/site-packages (from ydata-profiling) (0.18.1)
Requirement already satisfied: filetype>=1.0.0 in /opt/anaconda3/lib/python3.12/site-packages (from ydata-profiling) (1.2.0)
Requirement already satisfied: phik<0.13,>=0.12.5 in /opt/anaconda3/lib/python3.12/site-packages (from ydata-profiling) (0.12.5)
Requirement already satisfied: requests<3,>=2.32.0 in /opt/anaconda3/lib/python3.12/site-packages (from ydata-profiling) (2.32.3)
Requirement already satisfied: tqdm<5,>=4.66.3 in /opt/anaconda3/lib/python3.12/site-packages (from ydata-profiling) (4.66.5)
Requirement already satisfied: seaborn<0.14,>=0.10.1 in /opt/anaconda3/lib/python3.12/site-packages (from ydata-profiling) (0.13.2)
Requirement already satisfied: multimethod<2,>=1.4 in /opt/anaconda3/lib/python3.12/site-packages (from ydata-profiling) (1.12)
Requirement already satisfied: statsmodels<1,>=0.13.2 in /opt/anaconda3/lib/python3.12/site-packages (from ydata-profiling) (0.14.2)
Requirement already satisfied: typeguard<5,>=4 in /opt/anaconda3/lib/python3.12/site-packages (from ydata-profiling) (4.4.4)
Requirement already satisfied: imagehash==4.3.2 in /opt/anaconda3/lib/python3.12/site-packages (from ydata-profiling) (4.3.2)
Requirement already satisfied: wordcloud>=1.9.4 in /opt/anaconda3/lib/python3.12/site-packages (from ydata-profiling) (1.9.4)
Requirement already satisfied: dacite<2,>=1.9 in /opt/anaconda3/lib/python3.12/site-packages (from ydata-profiling) (1.9.2)
Requirement already satisfied: numba<0.63,>=0.60 in /opt/anaconda3/lib/python3.12/site-packages (from ydata-profiling) (0.60.0)
Requirement already satisfied: PyWavelets in /opt/anaconda3/lib/python3.12/site-packages (from imagehash==4.3.2->ydata-profiling) (1.7.0)
Requirement already satisfied: pillow in /opt/anaconda3/lib/python3.12/site-packages (from imagehash==4.3.2->ydata-profiling) (10.4.0)
Requirement already satisfied: MarkupSafe>=2.0 in /opt/anaconda3/lib/python3.12/site-packages (from jinja2<3.2,>=3.1.6->ydata-profiling) (2.1.3)
Requirement already satisfied: contourpy>=1.0.1 in /opt/anaconda3/lib/python3.12/site-packages (from matplotlib<=3.10,>=3.5->ydata-profiling) (1.2.0)
Requirement already satisfied: cycler>=0.10 in /opt/anaconda3/lib/python3.12/site-packages (from matplotlib<=3.10,>=3.5->ydata-profiling) (0.11.0)
Requirement already satisfied: fonttools>=4.22.0 in /opt/anaconda3/lib/python3.12/site-packages (from matplotlib<=3.10,>=3.5->ydata-profiling) (4.51.0)
Requirement already satisfied: kiwisolver>=1.3.1 in /opt/anaconda3/lib/python3.12/site-packages (from matplotlib<=3.10,>=3.5->ydata-profiling) (1.4.4)
Requirement already satisfied: packaging>=20.0 in /opt/anaconda3/lib/python3.12/site-packages (from matplotlib<=3.10,>=3.5->ydata-profiling) (24.1)
Requirement already satisfied: pyparsing>=2.3.1 in /opt/anaconda3/lib/python3.12/site-packages (from matplotlib<=3.10,>=3.5->ydata-profiling) (3.1.2)
Requirement already satisfied: python-dateutil>=2.7 in /opt/anaconda3/lib/python3.12/site-packages (from matplotlib<=3.10,>=3.5->ydata-profiling) (2.8.2)
Requirement already satisfied: llvmlite<0.44,>=0.43.0dev0 in /opt/anaconda3/lib/python3.12/site-packages (from numba<0.63,>=0.60->ydata-profiling) (0.43.0)
Requirement already satisfied: pytz>=2020.1 in /opt/anaconda3/lib/python3.12/site-packages (from pandas!=1.4.0,<3.0,>1.5->ydata-profiling) (2024.1)
Requirement already satisfied: tzdata>=2022.7 in /opt/anaconda3/lib/python3.12/site-packages (from pandas!=1.4.0,<3.0,>1.5->ydata-profiling) (2025.2)
Requirement already satisfied: joblib>=0.14.1 in /opt/anaconda3/lib/python3.12/site-packages (from phik<0.13,>=0.12.5->ydata-profiling) (1.1.1)
Requirement already satisfied: annotated-types>=0.6.0 in /opt/anaconda3/lib/python3.12/site-packages (from pydantic<3,>=2->ydata-profiling) (0.6.0)
Requirement already satisfied: pydantic-core==2.33.2 in /opt/anaconda3/lib/python3.12/site-packages (from pydantic<3,>=2->ydata-profiling) (2.33.2)
Requirement already satisfied: typing-extensions>=4.12.2 in /opt/anaconda3/lib/python3.12/site-packages (from pydantic<3,>=2->ydata-profiling) (4.14.0)
Requirement already satisfied: typing-inspection>=0.4.0 in /opt/anaconda3/lib/python3.12/site-packages (from pydantic<3,>=2->ydata-profiling) (0.4.1)
Requirement already satisfied: charset-normalizer<4,>=2 in /opt/anaconda3/lib/python3.12/site-packages (from requests<3,>=2.32.0->ydata-profiling) (3.3.2)
Requirement already satisfied: idna<4,>=2.5 in /opt/anaconda3/lib/python3.12/site-packages (from requests<3,>=2.32.0->ydata-profiling) (3.7)
Requirement already satisfied: urllib3<3,>=1.21.1 in /opt/anaconda3/lib/python3.12/site-packages (from requests<3,>=2.32.0->ydata-profiling) (2.2.3)
Requirement already satisfied: certifi>=2017.4.17 in /opt/anaconda3/lib/python3.12/site-packages (from requests<3,>=2.32.0->ydata-profiling) (2025.1.31)
Requirement already satisfied: patsy>=0.5.6 in /opt/anaconda3/lib/python3.12/site-packages (from statsmodels<1,>=0.13.2->ydata-profiling) (0.5.6)
Requirement already satisfied: attrs>=19.3.0 in /opt/anaconda3/lib/python3.12/site-packages (from visions<0.8.2,>=0.7.5->visions[type_image_path]<0.8.2,>=0.7.5->ydata-profiling) (25.3.0)
Requirement already satisfied: networkx>=2.4 in /opt/anaconda3/lib/python3.12/site-packages (from visions<0.8.2,>=0.7.5->visions[type_image_path]<0.8.2,>=0.7.5->ydata-profiling) (3.3)
Requirement already satisfied: puremagic in /opt/anaconda3/lib/python3.12/site-packages (from visions<0.8.2,>=0.7.5->visions[type_image_path]<0.8.2,>=0.7.5->ydata-profiling) (1.30)
Requirement already satisfied: six in /opt/anaconda3/lib/python3.12/site-packages (from patsy>=0.5.6->statsmodels<1,>=0.13.2->ydata-profiling) (1.16.0)
Using cached visions-0.8.1-py3-none-any.whl (105 kB)
Installing collected packages: visions
  Attempting uninstall: visions
    Found existing installation: visions 0.7.4
    Uninstalling visions-0.7.4:
      Successfully uninstalled visions-0.7.4
ERROR: pip's dependency resolver does not currently take into account all the packages that are installed. This behaviour is the source of the following dependency conflicts.
pandas-profiling 3.2.0 requires visions[type_image_path]==0.7.4, but you have visions 0.8.1 which is incompatible.
Successfully installed visions-0.8.1

[notice] A new release of pip is available: 25.2 -> 25.3
[notice] To update, run: pip install --upgrade pip
================================================================================
REGENERATING ALL STUDY PROFILES FROM CORRECTED DATA
================================================================================

üìä Loading corrected dataset...
‚úÖ Loaded 11,026 records

üìã Found 17 studies:
  ‚Ä¢ JHB_ACTG_015: 264 records
  ‚Ä¢ JHB_ACTG_016: 154 records
  ‚Ä¢ JHB_ACTG_017: 20 records
  ‚Ä¢ JHB_ACTG_018: 240 records
  ‚Ä¢ JHB_ACTG_019: 283 records
  ‚Ä¢ JHB_ACTG_021: 78 records
  ‚Ä¢ JHB_Aurum_009: 2,751 records
  ‚Ä¢ JHB_DPHRU_013: 768 records
  ‚Ä¢ JHB_DPHRU_053: 998 records
  ‚Ä¢ JHB_EZIN_025: 179 records
  ‚Ä¢ JHB_Ezin_002: 1,053 records
  ‚Ä¢ JHB_SCHARP_004: 101 records
  ‚Ä¢ JHB_SCHARP_006: 162 records
  ‚Ä¢ JHB_VIDA_007: 2,129 records
  ‚Ä¢ JHB_VIDA_008: 557 records
  ‚Ä¢ JHB_WRHI_001: 1,072 records
  ‚Ä¢ JHB_WRHI_003: 217 records

‚ùå ydata-profiling not installed!
   Installing now...
Traceback (most recent call last):
  File "/Users/craig/Library/CloudStorage/OneDrive-WitsHealthConsortium/RP2_data_overview/regenerate_all_profiles.py", line 34, in <module>
    from ydata_profiling import ProfileReport
ModuleNotFoundError: No module named 'ydata_profiling'

During handling of the above exception, another exception occurred:

Traceback (most recent call last):
  File "/Users/craig/Library/CloudStorage/OneDrive-WitsHealthConsortium/RP2_data_overview/regenerate_all_profiles.py", line 42, in <module>
    from ydata_profiling import ProfileReport
ModuleNotFoundError: No module named 'ydata_profiling'
